53026 53024 46.88010787963867 46.8894709269
53050 53004 207.22927856445312 207.234963554
53021 53015 52.42661666870117 52.428259177
53004 51058 294.7482604980469 294.753261484
53028 53024 66.40931701660156 66.417057919
53051 53014 131.13356018066406 131.134003548
53053 53023 186.7921600341797 186.793365223
53032 53016 155.29208374023438 155.292133247
53028 51058 255.98562622070312 255.985706712
53030 53019 173.42823791503906 173.429736629
53057 53053 114.37938690185547 114.37958897
53049 53010 78.8841781616211 78.8842971271
53018 53015 118.9452133178711 118.945232755
53028 53014 128.97877502441406 128.979002054
53054 53030 94.033203125 94.0335222936
53144 53058 72.55924224853516 72.5611127029
53023 53018 149.2291717529297 149.229732235
53057 53020 162.9755859375 162.979400038
53028 53006 227.55467224121094 227.555751981
53013 53006 65.98138427734375 65.982039277
53032 53025 28.752595901489258 28.7542241605
53058 51054 141.34942626953125 141.35206685
53050 53030 59.71308135986328 59.7134612503
53058 53008 191.9658203125 191.968116856
53026 53020 69.02479553222656 69.0251525334
53031 53021 148.73043823242188 148.7307613
53031 53028 112.44146728515625 112.441487847
53012 51055 129.719482421875 129.719713786
53027 53024 74.46788787841797 74.4829331731
53024 53011 105.3673324584961 105.367638606
53029 53009 179.58494567871094 179.586429372
53057 53014 153.93821716308594 153.939938571
53145 51054 201.61007690429688 201.610899719
53145 53024 169.25718688964844 169.25779042
53055 53054 33.497867584228516 33.4979160798
53144 51054 166.46937561035156 166.475137006
53058 53027 161.54220581054688 161.543979483
53050 53010 110.53474426269531 110.534923396
53024 53016 105.0804214477539 105.081495025
53019 51058 262.7986755371094 262.798877737
53029 51054 162.55340576171875 162.553890552
53018 53008 115.12152099609375 115.126852908
53053 53012 84.4011001586914 84.4022680027
53055 53029 125.91767120361328 125.917679245
53059 51052 270.11871337890625 270.11948107
53015 53012 86.0566177368164 86.0584922033
53057 51052 220.66563415527344 220.665873488
53056 53029 120.77373504638672 120.775225427
53015 53006 128.21739196777344 128.218479117
53005 51055 191.1029815673828 191.103445298
53021 53005 152.3685760498047 152.370713119
53058 53012 90.89913177490234 90.9003313879
53058 53015 144.97911071777344 144.979145899
53049 53028 131.80734252929688 131.808100486
53023 51057 255.505126953125 255.506471817
53024 51055 209.44757080078125 209.447572672
53060 53024 149.3138427734375 149.318624655
53029 53006 198.75706481933594 198.757068844
53022 51057 228.91416931152344 228.915323735
53052 53015 121.70829010009766 121.708449534
53145 53052 143.94822692871094 143.948354975
53030 51052 245.32861328125 245.328617783
53144 53013 258.15447998046875 258.15530839
53145 53021 230.66412353515625 230.665524737
53012 51057 153.40074157714844 153.401922805
53145 53004 349.12567138671875 349.128312494
53013 51058 247.57333374023438 247.573417788
53058 53017 248.40499877929688 248.405000357
53057 53023 132.0272216796875 132.028009151
53017 53008 86.86419677734375 86.8689737638
53028 53018 200.94461059570312 200.944638029
53144 53017 315.5569763183594 315.557453888
53053 53006 142.523681640625 142.524503453
53006 51057 220.7622833251953 220.763216825
53032 53023 65.21682739257812 65.2169976015
53056 53008 187.78549194335938 187.785535568
53145 53019 269.4557189941406 269.456589683
53054 53016 152.92489624023438 152.925198401
53054 51054 89.46808624267578 89.468572588
53013 53012 107.34439086914062 107.344910485
53016 53009 68.92070007324219 68.9270014043
53017 53005 29.814598083496094 29.8157580464
53017 51058 300.4710388183594 300.471055128
53055 53023 178.60623168945312 178.606438804
53052 53010 74.0859375 74.0862465729
53055 53021 204.114501953125 204.117090641
53054 53023 165.81146240234375 165.8117888
53054 53032 161.9095916748047 161.909691731
53056 53014 193.8588409423828 193.861956073
53059 53018 284.0689697265625 284.068988764
53018 51052 108.93191528320312 108.933253726
53022 51055 203.8904266357422 203.890762355
53012 51058 145.11842346191406 145.119420727
53060 53052 100.71346282958984 100.71497007
53014 53010 120.64506530761719 120.645550051
53019 51055 215.87335205078125 215.876200649
53019 53013 40.79991912841797 40.803361392
53016 53012 72.43122863769531 72.4315103112
53059 53052 97.11985778808594 97.1205587802
53060 53022 170.63522338867188 170.637084685
53031 53023 128.64212036132812 128.642893496
53021 53012 127.5200424194336 127.523831136
53006 51052 19.07512855529785 19.0752107564
53060 53058 54.530216217041016 54.5321144435
53059 53025 118.99755859375 119.001495685
53056 53018 280.6294860839844 280.63220798
53144 53023 207.34007263183594 207.341469176
53055 53006 185.73861694335938 185.738636393
53049 53023 78.7115707397461 78.7115992552
53049 53018 143.32461547851562 143.325023517
53058 53032 112.5232162475586 112.523888645
53056 53004 264.401123046875 264.401757009
53027 53026 27.718013763427734 27.7236701573
53024 53022 27.91205596923828 27.9148933802
53020 51054 203.1375274658203 203.141579087
53017 53013 57.59733200073242 57.5974277082
53049 53009 95.17833709716797 95.1838454181
53032 53009 218.1762237548828 218.177719935
53014 53006 100.15283966064453 100.153891453
53051 53004 189.10256958007812 189.107295975
53052 53027 174.26022338867188 174.262311084
53057 53024 93.01563262939453 93.0156430362
53144 51057 157.68702697753906 157.695042969
53022 53006 153.52313232421875 153.523155855
53019 53011 121.42781066894531 121.431021131
53025 53016 126.55371856689453 126.554449085
53006 51058 248.91061401367188 248.911112192
53144 53014 237.01510620117188 237.015610643
53016 53004 109.78227996826172 109.79096573
53053 53005 173.60833740234375 173.609444489
53052 51057 125.10741424560547 125.111197853
53026 53021 35.76454162597656 35.7659642498
53010 51057 124.34906768798828 124.351384053
53005 51052 51.70321273803711 51.7032746297
53057 53005 213.13372802734375 213.134112821
53031 51052 272.1102600097656 272.110871763
53060 51052 280.55670166015625 280.55791759
53027 53005 189.43975830078125 189.4426571
53028 51055 275.83380126953125 275.83556355
53014 53012 93.65093231201172 93.6522617127
53057 53026 137.28231811523438 137.285222497
53051 51058 110.93680572509766 110.937456544
53145 53017 331.72406005859375 331.72416195
53050 53022 51.536903381347656 51.5374210757
53032 53008 201.99484252929688 201.995591309
53058 53057 23.280099868774414 23.2905016241
53144 53055 109.70711517333984 109.711978419
53057 53028 147.85919189453125 147.862373604
53026 53011 147.37742614746094 147.379008773
53012 51054 92.99777221679688 92.9986195935
53058 53052 68.2571792602539 68.2572467696
53055 53008 155.96632385253906 155.966908365
53017 53004 59.77883529663086 59.8007280342
53016 51057 203.53765869140625 203.539246637
53024 53020 78.76417541503906 78.7727021868
53026 53018 175.85137939453125 175.851381624
53055 53016 145.5592041015625 145.559413669
53024 53008 150.90480041503906 150.904931627
53059 53017 274.7257385253906 274.725903419
53145 51055 239.39419555664062 239.394571037
53056 53054 20.060945510864258 20.0671258228
53026 53016 130.21835327148438 130.219172831
53050 53006 167.14649963378906 167.146798342
53054 53005 221.27377319335938 221.273947828
53019 53005 76.7569808959961 76.7600642279
53144 53015 216.95977783203125 216.960184359
51058 51054 104.77420043945312 104.778372304
53049 53011 47.48613357543945 47.487165118
53053 51054 9.488029479980469 9.48814588911
53058 53049 119.27938842773438 119.279513885
53025 53006 198.26441955566406 198.264600687
53016 53008 47.28629684448242 47.291100064
53013 53009 84.61653137207031 84.6232206752
53055 53005 209.18609619140625 209.186212932
53144 53027 229.93807983398438 229.938200945
53052 53017 201.2777862548828 201.277797741
53057 53004 247.20712280273438 247.208948188
53060 53005 276.7283935546875 276.72939908
53027 53015 86.69647979736328 86.6989616158
53054 53008 172.30519104003906 172.3055883
53021 53004 199.30450439453125 199.316230438
53024 51054 171.7688751220703 171.76891988
53029 53018 213.65017700195312 213.651123631
53029 51057 206.1259002685547 206.126779351
53025 51055 235.24331665039062 235.243317265
53053 53030 163.5436248779297 163.544678321
53020 53011 129.2947235107422 129.297890751
53020 53017 113.19286346435547 113.193746065
53022 51054 169.1144256591797 169.115231277
53058 53018 259.38751220703125 259.387567262
53054 53025 149.26014709472656 149.260200277
53022 51058 210.75180053710938 210.752205205
53056 51055 129.87440490722656 129.874890087
53145 51058 130.9458770751953 130.94636919
53054 53031 110.19762420654297 110.20034939
53029 53020 115.66205596923828 115.665449409
53011 53006 112.67020416259766 112.67021961
53059 53014 191.1659698486328 191.166121761
53144 53029 130.6424560546875 130.646191938
53015 51058 229.1758575439453 229.175859508
53049 53013 71.8989028930664 71.8989140198
53055 53017 234.694580078125 234.695079143
53050 51052 185.96908569335938 185.969267444
53054 53012 81.56370544433594 81.5637692227
53013 51055 183.7033233642578 183.704235814
53058 53019 188.0863800048828 188.086798985
53015 53010 128.54368591308594 128.544342968
53051 53028 186.04164123535156 186.042554709
53024 53006 177.33197021484375 177.332246445
53018 51058 321.5208435058594 321.520858441
53032 53004 258.5610046386719 258.564060087
53145 53049 202.70675659179688 202.706789213
53030 53020 149.1358642578125 149.137715072
53028 53004 254.70750427246094 254.714740706
53029 53028 85.09025573730469 85.0934821384
53006 51055 153.1406707763672 153.140935973
53060 53009 228.3724365234375 228.378411562
53031 53030 26.830493927001953 26.8357281319
53057 53056 58.07322311401367 58.0744081662
53010 51058 146.13784790039062 146.138344557
53057 51054 118.74896240234375 118.749081241
53056 53016 171.1400604248047 171.141939589
53144 53032 176.5799560546875 176.582300869
53023 53006 168.08538818359375 168.085492205
53023 51052 186.49545288085938 186.49549889
53010 53006 102.7789535522461 102.779020147
53051 53032 166.7461700439453 166.746189235
53057 53049 103.1776351928711 103.178960709
53052 51052 179.8433380126953 179.843548265
53059 53020 190.16661071777344 190.166666763
53026 53008 177.47674560546875 177.480381245
53005 51057 254.39300537109375 254.394195032
53058 53016 159.3031005859375 159.303320999
53023 53012 103.25173950195312 103.251989033
53009 51052 56.19169998168945 56.1977706215
53144 53060 18.757749557495117 18.7578656691
53028 51052 246.00033569335938 246.00118127
53009 51057 175.2793731689453 175.279419906
53145 53029 132.1375732421875 132.137694483
53028 53012 146.1246337890625 146.126512588
53060 53059 46.09550857543945 46.0958678715
53050 53019 120.34012603759766 120.34119826
53050 53028 104.36628723144531 104.366997348
53059 53053 164.08477783203125 164.089049519
53060 53054 65.5356674194336 65.5436669718
53058 53020 170.2154998779297 170.216015579
53049 53016 40.700008392333984 40.7001123725
53058 51055 182.47909545898438 182.4804845
53058 51058 118.16265869140625 118.162680022
53049 53026 105.71824645996094 105.718893934
53024 53019 105.571533203125 105.577655741
53022 53017 149.19699096679688 149.197321389
53027 53023 49.753265380859375 49.7632537628
53023 53020 42.82516098022461 42.8302310755
53018 51055 249.34146118164062 249.343017599
53025 53004 230.2099609375 230.211925225
53145 53056 109.56340026855469 109.566169594
53051 53027 192.14532470703125 192.148281707
53049 51058 183.6370391845703 183.637201287
53018 53005 60.434364318847656 60.4361149531
53027 53018 176.09664916992188 176.097630855
53030 53021 131.9566650390625 131.959338617
53054 53029 102.91386413574219 102.913914683
53027 53012 150.00828552246094 150.013279084
53022 53015 32.94716262817383 32.9501407318
53021 51055 252.1839141845703 252.186904017
53056 53012 100.65538787841797 100.657176142
53018 53011 175.4117889404297 175.413011844
53018 53010 184.54405212402344 184.544673766
53051 53025 145.13070678710938 145.131220103
53054 53014 174.30960083007812 174.310636917
53056 53051 75.2988052368164 75.3026203667
53026 53014 100.84815979003906 100.84829477
53049 53006 110.64014434814453 110.640435906
53029 53022 62.839778900146484 62.8399032241
53032 53027 56.91453170776367 56.9260681544
53054 53021 191.62904357910156 191.632115179
53028 53011 171.0958251953125 171.09751313
53049 53014 55.05956268310547 55.0599443139
51055 51052 159.03965759277344 159.040023165
53054 53006 203.33616638183594 203.336215965
53030 53011 126.51226043701172 126.512364158
53029 51055 202.82278442382812 202.822932398
53059 53023 151.95350646972656 151.95437242
53145 53012 173.0025177001953 173.002610303
53052 53013 145.2400665283203 145.240071241
53145 53032 166.5689239501953 166.568954571
53051 53005 164.47891235351562 164.478913338
53020 53009 151.65321350097656 151.661823216
53030 51055 210.3216552734375 210.322013163
53059 53032 116.91908264160156 116.92095676
53051 53012 43.06620788574219 43.0664977176
53052 53025 123.77522277832031 123.776672175
53022 53011 97.41165161132812 97.4117580462
53013 51057 237.65048217773438 237.652325415
53056 53023 185.61053466796875 185.612377035
53058 53006 223.24588012695312 223.246288486
53057 51057 148.0895538330078 148.090023578
53009 51055 108.64266204833984 108.643744606
53057 53022 110.04370880126953 110.044278192
53055 53053 56.83102035522461 56.8324209903
53052 53012 38.5004997253418 38.5022872061
53059 53004 294.9895324707031 294.995774255
53032 53015 102.22427368164062 102.225448054
53029 53012 79.58253479003906 79.58253479
53056 53053 93.52513122558594 93.5252613296
53016 51055 154.29364013671875 154.294287631
53049 51054 121.42237854003906 121.424344723
53055 53026 192.80618286132812 192.807486448
53053 51052 153.63809204101562 153.639041021
53051 53013 136.77891540527344 136.779028639
53021 53010 178.4215850830078 178.42349705
53023 53013 106.10243225097656 106.102486204
53028 53020 95.27336120605469 95.2734715464
53022 53021 51.65442657470703 51.6615519392
53031 53016 183.64060974121094 183.641213749
53057 53019 176.5178985595703 176.521282459
53060 53014 218.2700653076172 218.270475187
53051 53022 119.44213104248047 119.442135601
53006 51054 149.98585510253906 149.986491725
53019 51054 192.27113342285156 192.275268479
53013 51052 82.81238555908203 82.8127275604
53145 53051 170.54730224609375 170.547303539
53027 51058 272.21112060546875 272.211984999
53054 53011 91.50798034667969 91.5080179882
53017 53016 91.63983154296875 91.6401380085
53145 53060 48.29601287841797 48.301727805
53059 53010 171.1493377685547 171.150330726
53055 53014 173.8515625 173.852413615
53052 53009 128.28497314453125 128.289697699
53025 53018 189.12953186035156 189.131505355
53052 53029 84.42961120605469 84.4304263249
53031 51058 165.49830627441406 165.498361335
53059 53019 211.5137939453125 211.513830293
51058 51057 69.06402587890625 69.073433899
53031 53018 270.7852478027344 270.785250331
53058 53013 190.82896423339844 190.829010581
53060 53053 152.7037353515625 152.709844955
53028 53013 165.30636596679688 165.306867002
53051 53010 46.14206314086914 46.1420631517
53051 53016 100.78031921386719 100.780328819
53015 53014 30.76068878173828 30.7607661694
53009 51054 104.8118896484375 104.812418638
53056 53020 211.43348693847656 211.438708838
53144 53018 329.005859375 329.006047676
53144 53057 83.30998229980469 83.3188708504
53053 53019 182.8031005859375 182.807780053
53027 53013 148.72607421875 148.728737144
53025 53019 116.24394226074219 116.249071292
53028 51057 289.05352783203125 289.056647737
53056 53017 262.2661437988281 262.268201855
53055 53018 255.54898071289062 255.549888093
53028 51054 238.09359741210938 238.096317008
53019 53015 44.97254943847656 44.9735235333
53023 53011 123.5165023803711 123.516747351
53022 53010 131.84878540039062 131.848789284
53021 53018 141.77505493164062 141.775479579
53050 53012 46.732200622558594 46.7335565844
53055 53004 231.80718994140625 231.809963687
53018 53014 92.90898132324219 92.9090823306
53145 53023 208.67803955078125 208.678045071
53027 53016 147.74139404296875 147.744928839
53052 53032 142.5914764404297 142.591777471
53052 51054 78.9761962890625 78.9799303892
53058 53010 142.09695434570312 142.097292495
53011 51052 129.3505859375 129.350637058
53145 53059 57.96522903442383 57.9679437104
53053 53028 229.9633331298828 229.966386259
53050 51058 160.59097290039062 160.591076032
53053 53021 210.08056640625 210.085412893
53055 53025 168.7882080078125 168.788307212
53054 53019 198.1573486328125 198.159703202
53025 53014 105.08993530273438 105.092449924
53030 53018 247.04969787597656 247.050189779
53026 53019 106.36663818359375 106.366826212
53056 53021 211.41845703125 211.424383321
53023 53005 149.3727569580078 149.372765664
53058 51057 165.57357788085938 165.577028761
53013 53010 113.83522033691406 113.835357944
53019 53018 74.03894805908203 74.0392991167
53028 53019 133.43121337890625 133.431270071
53057 53025 110.50519561767578 110.505195622
53023 53004 195.78468322753906 195.789731657
53032 53005 212.8703155517578 212.87033811
53051 53015 127.9583511352539 127.959007988
53019 53014 24.15141487121582 24.1541728337
53059 53057 52.03938293457031 52.0484037912
53013 53008 56.52611541748047 56.5318614605
53032 53022 73.49092864990234 73.490943679
53055 51058 65.9747314453125 65.9773072979
53023 51054 195.7191162109375 195.72011094
53018 53017 31.822559356689453 31.8231691227
51058 51055 129.68113708496094 129.683500896
53054 53022 141.3756866455078 141.375868887
53060 53026 188.10452270507812 188.104699639
53025 51054 197.23110961914062 197.231182024
53051 53050 82.28895568847656 82.2891938975
53031 53029 57.55445861816406 57.5583932701
53025 53023 40.242061614990234 40.2446337792
53057 53029 62.83820724487305 62.8386245135
53145 53006 305.1042785644531 305.104310227
53032 53014 132.9792938232422 132.979960245
53008 51057 196.85211181640625 196.852154742
53058 53005 230.60414123535156 230.604324842
53060 53050 120.87336730957031 120.874692474
53057 53021 157.51507568359375 157.519738483
53016 53013 36.067012786865234 36.0672543364
53144 53012 152.35035705566406 152.353560638
53056 53006 218.3942413330078 218.395179085
53054 53053 87.7936019897461 87.7942681178
53006 53005 42.90143966674805 42.9016552301
53145 53015 225.2678985595703 225.268234428
53053 53032 211.45895385742188 211.459598152
53030 53023 109.60646057128906 109.606492759
53029 51058 170.9657440185547 170.966590514
53059 53055 113.48120880126953 113.483923866
53014 53013 36.35402297973633 36.3543974205
53053 53049 112.08003234863281 112.082462033
53054 53050 90.86012268066406 90.8612769971
53051 53029 110.75052642822266 110.750639132
53026 53006 199.33251953125 199.333496228
53059 53009 222.58139038085938 222.586244507
53055 51054 57.08404541015625 57.0851306768
53025 51058 218.28091430664062 218.282258341
53027 53010 206.5599822998047 206.562738113
53025 53011 131.3270721435547 131.32723845
53024 51058 198.8399200439453 198.841573933
53057 51055 160.0092315673828 160.009232367
53059 53026 146.17526245117188 146.175282208
53060 51058 89.009521484375 89.0103497964
53032 53019 142.46337890625 142.465547152
53060 51057 152.08963012695312 152.097265485
53024 53005 167.88633728027344 167.886937688
53031 53011 152.77017211914062 152.77173938
53050 53027 114.12588500976562 114.129185808
53055 53032 185.27394104003906 185.273981869
51058 51052 261.70916748046875 261.709540727
53056 53032 179.1140594482422 179.115342659
53013 53004 89.81414794921875 89.8268909673
53017 51057 283.0788879394531 283.08080203
53055 53022 152.5226287841797 152.522723524
53026 51058 244.568115234375 244.568147692
53022 53018 151.8004150390625 151.801275117
53013 53011 101.52615356445312 101.526767242
53024 53004 211.9319305419922 211.933867089
53050 53049 56.981163024902344 56.9811967553
53014 53005 79.9268798828125 79.9275325329
53027 53017 186.50839233398438 186.51004433
53010 51052 115.97630310058594 115.976319143
53054 53013 188.49436950683594 188.494873755
53017 51054 210.49563598632812 210.4972961
53014 51057 239.09048461914062 239.093019631
53049 53022 54.40130615234375 54.4015686546
53058 53004 266.5393981933594 266.544480538
53053 53016 122.63412475585938 122.635826212
53027 53014 113.26043701171875 113.262757414
53012 53004 176.12692260742188 176.130868698
53030 53008 196.4729461669922 196.473908702
53030 53022 96.53923797607422 96.5392396541
53029 53026 75.70697021484375 75.7098820175
53016 53014 41.75347137451172 41.7545276685
53052 53031 114.3099136352539 114.310312568
53057 51058 108.13485717773438 108.137577307
53032 53006 227.01104736328125 227.011050544
53018 53013 73.97212982177734 73.9727462946
53024 51057 225.1181182861328 225.118358695
53015 51052 146.5966339111328 146.597393763
53050 53026 86.5584716796875 86.5590196544
53032 53017 217.34921264648438 217.349512443
53052 53023 131.90301513671875 131.90309374
53060 53016 205.87193298339844 205.873192015
53028 53026 28.234405517578125 28.2345105134
53056 53055 36.76512908935547 36.7693179425
53052 53019 155.94068908691406 155.941468384
53017 53012 164.0283660888672 164.02895355
53145 53144 39.97018814086914 39.9783744169
53026 53004 226.7296905517578 226.737180953
53023 53022 26.727970123291016 26.7281647502
53011 53009 79.17057037353516 79.1737629159
53055 53028 209.0170135498047 209.018491405
53059 51058 128.15338134765625 128.153540547
53010 51054 51.72552490234375 51.7284915924
53144 53010 187.39669799804688 187.3985405
53049 53025 95.15904235839844 95.160474077
53053 53018 227.30157470703125 227.304140447
53026 53010 182.54336547851562 182.544069554
53050 53020 104.3367919921875 104.338138105
53009 53004 89.8467788696289 89.8479007782
53060 53004 308.8516845703125 308.858830638
53030 53013 184.15167236328125 184.151771415
53021 53013 111.80807495117188 111.809958525
53057 53054 41.3718376159668 41.3720325428
53053 53052 72.9581069946289 72.9626589513
53056 51052 233.41136169433594 233.412399379
53059 53024 112.04194641113281 112.046525714
53050 53009 146.237060546875 146.241092971
53031 53027 138.77316284179688 138.774256713
53020 51055 232.22328186035156 232.226036006
53028 53005 208.02088928222656 208.021656572
53032 51057 265.5020751953125 265.502945997
53016 53005 71.31644439697266 71.3164491364
53053 53017 201.90182495117188 201.903755804
53049 53027 128.33689880371094 128.340268406
53029 53021 100.792236328125 100.797029684
53057 53052 45.10182189941406 45.1058126925
53060 53028 191.3762664794922 191.376352073
53145 53010 216.64950561523438 216.649506732
53053 53027 234.3251953125 234.33113191
53026 53012 124.00540924072266 124.007186957
53004 51057 264.090087890625 264.090718222
53026 51055 253.31910705566406 253.32073796
53053 51058 109.54739379882812 109.551795111
53054 53026 175.15602111816406 175.157696063
53020 51058 259.5347595214844 259.534992831
53144 51052 298.1265869140625 298.127921351
53025 53005 184.80296325683594 184.803404851
53057 53027 164.73606872558594 164.742476454
53017 53014 86.91639709472656 86.9164178043
53056 53022 161.34800720214844 161.349636049
53054 53051 61.05683135986328 61.05738494
53058 53025 107.48273468017578 107.484981645
53052 53005 178.67453002929688 178.674636438
53011 53008 81.30967712402344 81.310939012
53013 53005 44.279109954833984 44.2793918476
53057 53055 69.97455596923828 69.9747978853
53053 53014 159.96771240234375 159.970491842
53010 53008 74.77877044677734 74.7814158099
53145 53005 313.9807434082031 313.980743423
53017 51055 220.774658203125 220.775717779
53056 51058 50.42561340332031 50.4384529015
53059 53016 186.9148712158203 186.915645481
53032 53021 75.7356185913086 75.7410255305
53021 53017 150.17300415039062 150.173989464
53030 53009 203.11196899414062 203.113845116
53049 53031 143.25595092773438 143.256452271
53026 51054 216.9078826904297 216.910477604
53060 53057 64.55976867675781 64.5700281291
53018 53009 142.0272979736328 142.033866827
53049 53004 150.25979614257812 150.267015894
53011 53004 158.0555419921875 158.059798666
53059 53050 92.14283752441406 92.1436376699
53021 53011 146.02493286132812 146.028370604
53056 53013 206.94451904296875 206.946626737
53030 53017 240.57901000976562 240.579192104
53052 53021 157.4183349609375 157.419524602
53145 53009 272.20263671875 272.204154483
53013 51054 165.39524841308594 165.396863811
53056 53050 110.62312316894531 110.627253946
53011 51057 141.46725463867188 141.468455933
53059 53006 252.0967559814453 252.097727829
53032 53018 214.0501708984375 214.050898213
53059 53054 80.15142059326172 80.1558431252
53144 53021 231.41903686523438 231.419036919
53023 53015 39.899993896484375 39.9014510255
53053 53011 64.59779357910156 64.599191638
53008 51055 134.25277709960938 134.25296901
53032 53029 59.43348693847656 59.4335381217
53051 53018 210.66481018066406 210.665352473
53058 53014 166.65403747558594 166.654040548
53032 51052 245.9234161376953 245.923416796
53049 51052 129.60223388671875 129.602385134
53058 53053 137.30198669433594 137.305008908
53020 53006 141.65216064453125 141.654686937
53027 53006 213.3960723876953 213.399356996
53021 53020 37.29145431518555 37.2915804699
53057 53012 71.09600067138672 71.0963694746
53059 53058 29.356958389282227 29.3582277202
53056 53027 221.78564453125 221.793144836
53021 53014 76.74031829833984 76.7418445734
53021 53008 159.017822265625 159.024478691
53057 53008 171.7069854736328 171.707157421
53029 53019 139.8837890625 139.886457309
51055 51054 41.33716583251953 41.3374452895
53019 53010 142.5381622314453 142.539915607
53051 53017 189.7196807861328 189.719888885
53010 53009 60.13916778564453 60.1457086661
53024 53017 176.9488983154297 176.950330768
53006 53004 46.078094482421875 46.0942160377
53144 53008 250.2191619873047 250.223421417
53023 53019 77.26253509521484 77.2651609611
53050 53017 182.8315887451172 182.831607585
53019 53017 75.1934814453125 75.1946825039
53032 53020 107.02263641357422 107.025686491
53060 53010 171.0999755859375 171.101685762
53008 53006 31.477691650390625 31.4818553398
53021 51052 194.4227294921875 194.424752828
53060 53030 86.097412109375 86.1009361908
53028 53025 40.934139251708984 40.9456068129
53060 53006 263.8351745605469 263.836648818
53053 51055 47.244895935058594 47.2453150367
53060 51054 153.4369354248047 153.442604623
53055 53020 197.7781982421875 197.780389475
53144 53004 326.8128356933594 326.820019985
53029 53023 77.18771362304688 77.1880474125
53024 53009 165.94314575195312 165.94377503
53031 53024 91.77783203125 91.7827073492
53009 53005 82.70193481445312 82.7068972822
53024 53014 90.05857849121094 90.061887299
53031 53015 151.8625030517578 151.862539351
53058 53011 114.08224487304688 114.083280069
53015 53009 129.8915557861328 129.89804105
53026 53023 31.275808334350586 31.278861168
53059 51054 167.3963165283203 167.400177886
53053 53010 42.760215759277344 42.7644391145
53060 53056 61.319969177246094 61.3388547651
53022 53004 185.95179748535156 185.956369625
53028 53017 208.40367126464844 208.40389008
53056 53011 108.13114929199219 108.132710168
53015 53005 110.65430450439453 110.654998845
53024 53013 123.67401123046875 123.675500819
53053 53024 163.5765380859375 163.576627466
53144 53016 224.4364471435547 224.437823467
53055 53030 123.22234344482422 123.22248686
53020 53013 75.86438751220703 75.8663957006
53058 53026 135.009521484375 135.009665211
53030 53014 154.78334045410156 154.783749852
53059 53028 146.8213348388672 146.821334842
53144 53022 188.87628173828125 188.878253307
53060 53012 133.9217529296875 133.924926701
53054 53028 187.90283203125 187.904723023
53025 53024 25.969167709350586 25.9692066979
53014 51054 169.453857421875 169.456226239
53027 53020 74.2568588256836 74.2576280705
53022 53008 129.0425262451172 129.043907213
51057 51055 75.41197967529297 75.4128246888
53012 53011 28.071958541870117 28.0719649718
53027 53011 172.1517333984375 172.156220803
53012 53010 63.80613708496094 63.8063302401
53019 53009 123.55242156982422 123.562703563
53021 53019 76.06720733642578 76.0673004185
53059 53056 87.27491760253906 87.2852040298
53060 53019 240.5310821533203 240.531089146
53031 53017 265.66510009765625 265.665203152
53059 53031 38.9366569519043 38.9367145968
53052 53049 76.95197296142578 76.9520114854
53018 51057 308.8835754394531 308.886056371
53058 53022 116.33618927001953 116.336691967
53054 53049 119.66131591796875 119.661971166
53145 53018 341.82965087890625 341.829956366
53029 53013 152.36819458007812 152.368560653
53145 53027 222.7845001220703 222.786950964
53057 53017 232.5732879638672 232.574247281
53058 53055 90.2375717163086 90.239024226
53054 53027 202.850830078125 202.855163946
53024 51052 196.38441467285156 196.384761342
53055 53024 145.92999267578125 145.930170788
53032 53028 29.976398468017578 29.9837294897
53027 53008 194.3468475341797 194.354247606
53052 53008 131.816650390625 131.81934596
53056 53015 181.62380981445312 181.627565407
53030 53012 99.34800720214844 99.3481101181
53029 53005 195.69000244140625 195.690081587
53050 51057 185.53131103515625 185.533784359
53055 53012 81.16580200195312 81.1658144764
53057 53051 74.80016326904297 74.8011643898
53144 53011 168.94662475585938 168.949625822
53031 53004 293.4175109863281 293.423355678
53144 51055 202.65875244140625 202.662503266
53004 51054 194.5847930908203 194.586364441
51054 51052 160.45249938964844 160.453256774
53055 53031 141.81622314453125 141.818040711
53025 53012 105.65348052978516 105.653726541
53027 53025 54.358070373535156 54.3774596569
53021 51057 280.451904296875 280.456383149
53020 53014 43.06778335571289 43.0695220797
53025 53015 74.36820220947266 74.3724620802
53023 53009 167.36532592773438 167.368061983
53028 53016 158.14605712890625 158.146975647
53060 53011 151.23660278320312 151.239530224
53014 53004 126.07368469238281 126.084851017
53026 53022 51.317508697509766 51.320339242
53010 53005 131.32334899902344 131.323350373
53059 53021 174.8702850341797 174.870453871
53005 51058 274.5396423339844 274.539880995
53145 53031 84.03618621826172 84.0376381755
53053 53009 97.66966247558594 97.6700812127
53031 53013 209.7377471923828 209.738021156
53024 53018 179.60743713378906 179.609737361
53049 53017 129.4611053466797 129.461186549
53053 53015 163.4150390625 163.4181726
53020 53015 31.02983856201172 31.0314679831
53029 53027 102.66251373291016 102.66981008
53030 53016 157.20558166503906 157.205592737
53049 53005 111.58432006835938 111.584382461
53059 51055 208.05824279785156 208.060574404
53058 53030 38.03936767578125 38.0407474844
53029 53016 127.66922760009766 127.669387404
53012 51052 150.24270629882812 150.242736969
53145 53028 196.31082153320312 196.31162598
53022 53016 82.01097106933594 82.0110072169
53056 53010 118.73831939697266 118.740732448
53056 53005 238.4110870361328 238.412349927
53020 53012 117.05709838867188 117.060451388
53051 53031 144.38070678710938 144.381625276
53025 53009 189.9687042236328 189.9693675
53054 53052 43.257633209228516 43.260219138
53145 53058 83.42797088623047 83.4284679842
53057 53018 245.70620727539062 245.707729872
53004 51052 34.68909454345703 34.7125179906
53016 53010 81.3561782836914 81.356190729
53050 53011 74.658447265625 74.6593890486
53145 53014 248.92320251464844 248.9234082
53060 53021 213.9920196533203 213.992028348
53053 53020 193.72756958007812 193.732134958
53050 53018 192.09005737304688 192.090261444
53023 51055 230.02816772460938 230.028651978
53144 51058 91.00814819335938 91.0092607243
53059 51057 183.6141815185547 183.61908566
53031 53019 196.8301239013672 196.830216573
53050 51054 134.5820770263672 134.584183565
53059 53030 43.14802932739258 43.1521592025
53059 53005 258.0543212890625 258.054937624
53015 53011 98.84098815917969 98.8427311909
53050 53014 99.19922637939453 99.1993294497
53054 53017 244.38470458984375 244.385303401
53029 53024 37.18213653564453 37.1831387373
53031 53022 119.17122650146484 119.172486463
53031 53014 179.2825469970703 179.282631434
53009 53008 28.4583797454834 28.4595492188
53017 53009 112.49162292480469 112.497696818
53031 53006 253.36077880859375 253.361569555
53023 53014 69.75227355957031 69.7528038915
53030 53025 75.85193634033203 75.8528436354
53144 53049 186.3524627685547 186.353755036
53053 51057 81.61528015136719 81.6154330883
53028 53009 224.70550537109375 224.710320157
53028 53008 205.43008422851562 205.433665389
53029 53004 237.28512573242188 237.288054766
53052 53016 109.73120880126953 109.731338942
53022 53014 62.41423416137695 62.415354697
53144 53006 281.6144104003906 281.616006024
53049 53021 99.57792663574219 99.580310273
53049 53024 70.76983642578125 70.7721077596
53028 53015 99.40899658203125 99.4091471166
53030 53010 159.515625 159.515625614
53027 53009 216.26394653320312 216.272773798
53011 53005 130.3040771484375 130.304223057
53050 53032 84.58056640625 84.5810232712
53029 53011 107.65046691894531 107.650468596
53031 53008 223.28826904296875 223.291204747
53145 53055 144.53872680664062 144.538900379
53015 53013 66.77845001220703 66.7788599935
53058 53054 58.52440643310547 58.5271724018
53014 53011 97.73091888427734 97.7322916439
53021 53009 182.1356964111328 182.14375168
53030 51054 169.03480529785156 169.03566784
53145 53011 193.61993408203125 193.620035322
53052 53022 105.84988403320312 105.85016989
53019 53008 96.24227142333984 96.2515439083
53056 53024 148.50804138183594 148.508401392
53055 53011 80.17743682861328 80.1774410443
53051 53026 165.5768585205078 165.577631682
53023 53010 157.26763916015625 157.267654739
53050 53016 97.52925109863281 97.5293726826
53017 51052 77.12944030761719 77.1302029763
53144 53059 59.683162689208984 59.6836779412
53050 53029 33.51816940307617 33.5200599065
53020 53018 107.06722259521484 107.067514468
53056 53028 205.85757446289062 205.861942196
53031 53025 91.09637451171875 91.1008301289
53029 53025 48.32562255859375 48.3261604069
53145 53030 99.07254028320312 99.0725468239
53020 53010 157.52999877929688 157.531685563
53051 53006 143.09951782226562 143.099566474
53026 53005 180.14442443847656 180.145085418
53057 53031 72.68526458740234 72.6908611322
53012 53006 132.3755645751953 132.375570619
53015 53008 107.68687438964844 107.69189624
53052 53028 164.4845733642578 164.484989512
53027 51055 278.5566101074219 278.56048355
53025 51057 248.6130828857422 248.613364198
53005 53004 46.93595504760742 46.955509807
53009 51058 205.52955627441406 205.533467655
53016 51058 211.516845703125 211.517112575
53011 53010 36.25822067260742 36.2586478284
53051 53021 170.57823181152344 170.580226852
53011 51054 73.93702697753906 73.9379932259
53025 53010 167.4032745361328 167.403717254
53056 53031 121.30207061767578 121.308750159
53011 51055 106.5169448852539 106.51718464
53020 53019 38.777618408203125 38.7776246489
53054 53010 106.52308654785156 106.523401413
53031 53020 169.97894287109375 169.979076326
53059 53015 167.30572509765625 167.305813511
53060 53008 232.395751953125 232.399932792
53059 53027 170.8390350341797 170.839720637
53051 53024 119.86367797851562 119.86445286
53026 51057 271.9366760253906 271.939622938
53015 53004 156.5917510986328 156.60149591
53049 53030 116.69414520263672 116.694242898
53144 53030 101.81063079833984 101.814137371
53029 53017 208.1143035888672 208.114766606
53012 53009 104.13399505615234 104.136553747
53027 53021 37.08245849609375 37.0832416209
53058 53056 70.94441223144531 70.952435588
53051 53008 112.53541564941406 112.53717908
53018 53012 180.43914794921875 180.440268811
53144 53020 242.73458862304688 242.734610054
53059 53013 217.3257293701172 217.326108607
53056 53025 167.884765625 167.885177764
53145 53022 194.4176025390625 194.417610038
53031 53009 229.81732177734375 229.821604289
51057 51052 229.4956512451172 229.496712709
53024 53010 141.4704132080078 141.4710667
53050 53023 74.98900604248047 74.9891169987
53052 53004 208.47409057617188 208.479852603
53009 53006 45.48416519165039 45.4906823776
53056 53030 108.3597412109375 108.362288479
53029 53015 94.95729064941406 94.958989419
53008 51058 220.1287384033203 220.131055444
53058 53009 193.23826599121094 193.241973319
53056 53026 194.14358520507812 194.147699889
53029 53010 143.10964965820312 143.109735777
53050 53031 86.3117904663086 86.3123725922
53055 51057 80.23153686523438 80.2334703023
53059 53008 220.90771484375 220.91103961
53051 53020 158.9639129638672 158.96557995
53050 51055 173.6501922607422 173.651232282
53053 53004 187.5154571533203 187.516897629
53144 53026 204.6129608154297 204.613217339
53145 51057 197.49136352539062 197.492907792
53060 53013 239.4686279296875 239.469349827
53144 53031 96.98993682861328 96.9904483494
53060 53049 167.64195251464844 167.643128779
53025 53008 173.32485961914062 173.325031366
53020 53004 162.17861938476562 162.191765545
53051 53019 155.14498901367188 155.146595361
53058 53050 67.75070190429688 67.7507928332
53053 53013 156.18521118164062 156.187148882
53023 51058 235.49002075195312 235.490226113
53016 53006 72.26982879638672 72.2700103657
53051 51052 158.31605529785156 158.316067438
53051 51054 52.298648834228516 52.3015936171
53055 53013 181.60882568359375 181.609221151
53050 53005 167.5732421875 167.573338862
53060 53055 96.35302734375 96.3578796327
53017 53010 159.31248474121094 159.312734326
53054 53004 249.12515258789062 249.127480582
53049 51055 152.7154083251953 152.716359507
53054 51052 219.0587158203125 219.058805303
53055 53051 45.0035514831543 45.0040093225
53021 51054 219.1685791015625 219.172923659
53022 53005 141.1239776611328 141.123986876
53052 53024 100.01073455810547 100.012807994
53027 51052 231.166748046875 231.169500122
53051 53009 104.13384246826172 104.137628604
53030 53005 226.7946014404297 226.794603841
53018 53016 110.03853607177734 110.039391932
53028 53022 77.8197250366211 77.8221630435
53027 51057 299.2963562011719 299.301926341
53017 53011 154.83197021484375 154.832647606
53008 51052 49.23233413696289 49.2356105738
53026 51052 217.7667236328125 217.767464388
53032 51058 228.8169708251953 228.817433203
53016 53015 61.113582611083984 61.1146785606
53057 53015 135.43458557128906 135.436930628
53027 53004 236.37538146972656 236.387595643
53022 53020 53.899375915527344 53.90474789
53060 53020 224.4381866455078 224.438189533
53054 51057 107.3217544555664 107.322919171
53057 53032 121.07337188720703 121.073761109
53027 51054 243.0028839111328 243.008290456
53054 51055 129.0266571044922 129.026736348
53031 53026 116.56349182128906 116.563492169
53026 53013 137.19573974609375 137.196136624
53055 53027 220.3748321533203 220.378485809
53030 53028 105.35453033447266 105.356227467
53057 53011 92.33392333984375 92.3341621467
53022 51052 172.43299865722656 172.433001096
53030 53004 266.9373779296875 266.940651494
53016 53011 65.54837036132812 65.5487429172
53014 53009 108.76533508300781 108.772278439
53053 53051 44.89742660522461 44.9014623344
53008 51054 124.63532257080078 124.635345137
53019 53004 123.60948944091797 123.626371494
53058 53029 59.495513916015625 59.4973467066
53014 51052 117.94756317138672 117.948251649
53055 53015 166.90756225585938 166.908687932
53020 53008 126.57770538330078 126.584989885
53030 53024 70.39997863769531 70.4012077182
53057 53006 203.14031982421875 203.14049793
53052 51058 107.57671356201172 107.576843186
53144 53050 139.43798828125 139.439420538
53050 53015 77.52590942382812 77.5261992877
53021 53006 176.85189819335938 176.854412282
53056 53019 217.7852325439453 217.790153153
53032 51055 258.2208251953125 258.22102721
53005 51054 182.00155639648438 182.002458389
53059 53029 74.86717224121094 74.8708292955
53056 53049 139.02536010742188 139.028234503
53019 53016 61.58080291748047 61.5843610989
53028 53023 59.50975799560547 59.5119777246
53030 51057 201.25177001953125 201.253148947
53027 53019 113.0120620727539 113.012635461
53026 53017 181.54241943359375 181.542558864
53052 53030 90.71321868896484 90.7135052179
53024 53012 79.77420806884766 79.7746751921
53032 53030 75.90287017822266 75.9028980098
53054 51058 69.75936126708984 69.762297012
53057 53030 53.35006332397461 53.3513602514
53019 53006 106.30741119384766 106.310604602
53019 51057 262.5426940917969 262.546787025
53053 53008 116.4435043334961 116.4435077
53031 53010 185.07647705078125 185.077196363
53060 53027 213.9080352783203 213.908248463
53021 53016 113.22867584228516 113.231369302
53060 51055 191.10421752929688 191.107780706
53023 53008 146.6841583251953 146.685823802
53030 53026 103.08403778076172 103.085354373
53055 53049 119.12857055664062 119.129052896
53060 53025 160.56448364257812 160.568601873
53053 53050 126.89702606201172 126.899547767
53057 53016 141.962890625 141.963544883
53014 51058 238.6624298095703 238.662432996
53144 53054 80.99116516113281 80.9984995797
53017 53015 116.6928482055664 116.692919508
53052 51055 120.0113754272461 120.012956334
53145 53026 199.96475219726562 199.965340363
53058 53031 51.71737289428711 51.717783161
53026 53015 71.17461395263672 71.1746786948
51057 51054 72.68600463867188 72.686293724
53049 53012 38.59406661987305 38.5951864131
53057 53009 171.4376678466797 171.438399893
53029 53008 169.68722534179688 169.687881795
53018 53006 103.15653228759766 103.158254006
53144 53056 73.3096923828125 73.3268896194
53022 53013 96.8454818725586 96.8457073913
53029 51052 217.72555541992188 217.725576584
53032 53031 82.59443664550781 82.5965797705
53052 53051 30.157230377197266 30.1579825755
53032 53026 40.002384185791016 40.0066761497
53052 53020 152.27890014648438 152.279770997
53055 53010 84.03279876708984 84.0330415529
53060 53029 113.38766479492188 113.391413307
53030 51058 156.18814086914062 156.188640346
53144 53009 245.3855743408203 245.391588321
53145 53016 242.66619873046875 242.66619982
53023 53021 25.81972885131836 25.8307942959
53027 53022 74.78329467773438 74.7913695814
53051 53011 35.25537109375 35.2558154062
53050 53013 125.68619537353516 125.686197299
53145 53008 273.6578369140625 273.658611239
53015 51055 203.0804443359375 203.082071687
53052 53050 60.455020904541016 60.4550227654
53023 53016 99.53781127929688 99.5378144188
53025 53013 140.64599609375 140.647118923
53051 53049 77.68199920654297 77.6821182559
53058 53028 141.19639587402344 141.19666173
53030 53029 33.6998291015625 33.7001324994
53012 53008 101.06717681884766 101.068278971
53055 53019 197.9971923828125 197.99927897
53054 53009 165.19046020507812 165.191653926
53145 53057 101.97725677490234 101.978072954
53049 53019 79.17204284667969 79.1740946808
53053 53026 208.40118408203125 208.404129496
53025 53017 190.49227905273438 190.493446784
53145 53020 247.75889587402344 247.759904613
53054 53024 129.15640258789062 129.156515788
53014 51055 194.7644500732422 194.765871108
53028 53027 29.937952041625977 29.9418479965
53057 53050 58.667991638183594 58.6709081902
53051 51055 92.07281494140625 92.0736968967
53144 53028 206.4521484375 206.452296193
53058 53051 98.06796264648438 98.0684494556
53052 53018 218.6914825439453 218.691643101
53030 53015 128.55787658691406 128.55857909
53025 53021 57.666202545166016 57.6789167459
53052 53011 50.5467414855957 50.5482460112
53054 53015 161.60882568359375 161.610214525
53028 53010 206.88113403320312 206.881958312
53024 53023 40.34408950805664 40.3471877364
53060 53032 161.71482849121094 161.717030921
53026 53025 27.559377670288086 27.573809341
53145 53050 149.75328063964844 149.753385242
53026 53009 197.31008911132812 197.31501337
53059 53051 126.57108306884766 126.57242114
53144 53025 177.15548706054688 177.15966034
53050 53024 39.678680419921875 39.6836656682
53053 53031 186.33340454101562 186.336752512
53008 53004 76.82789611816406 76.831149093
53049 51057 187.65110778808594 187.653246895
53145 51052 322.5359802246094 322.535990904
53010 53004 148.62939453125 148.635398929
53059 53012 119.90362548828125 119.905908967
53024 53015 60.853179931640625 60.8589910267
53051 51057 110.59709167480469 110.599702924
53016 51054 132.01763916015625 132.018998066
53052 53026 146.8412628173828 146.841555136
53029 53014 121.77741241455078 121.778434771
53052 53006 163.2083740234375 163.208709671
53030 53006 226.6051788330078 226.605202242
53056 53009 178.51185607910156 178.511903415
53023 53017 152.27284240722656 152.272989984
53058 51052 241.1357421875 241.136027589
53031 51055 232.48802185058594 232.489834247
53028 53021 59.16956329345703 59.1700581742
53024 53021 64.96583557128906 64.9779757108
53144 53024 166.99598693847656 167.000747826
53056 51054 93.17082977294922 93.1710509202
53059 53011 143.43316650390625 143.435174676
53004 51055 193.67471313476562 193.676965238
53032 51054 219.03652954101562 219.03704458
53032 53012 129.79977416992188 129.799797606
53054 53020 191.37693786621094 191.379488167
53031 53012 125.8927993774414 125.894598232
53055 53052 46.70397186279297 46.7058245164
53021 51058 261.30963134765625 261.310010256
53053 53022 160.23953247070312 160.240542708
53014 53008 83.5226821899414 83.5283262205
53022 53009 147.06103515625 147.063520583
53011 51058 146.14764404296875 146.148705462
53058 53023 135.1344757080078 135.134688829
53060 53031 84.8663558959961 84.8667211813
53144 53052 118.40668487548828 118.408292413
53025 51052 217.18505859375 217.185300268
53057 53010 119.11026763916016 119.110893092
53053 53029 155.61627197265625 155.616905376
53144 53053 166.51419067382812 166.520348065
53010 51055 74.69361877441406 74.6947005457
53144 53019 259.2342224121094 259.234252069
53032 53010 192.84640502929688 192.846421211
53145 53013 274.1788635253906 274.178907338
53020 53005 115.25411224365234 115.25629913
53008 53005 57.6287727355957 57.6324158006
53020 51057 269.40679931640625 269.41090858
53050 53021 100.79535675048828 100.797306866
53055 53009 144.16860961914062 144.170236958
53030 53027 128.12750244140625 128.132062509
53060 53017 296.9007263183594 296.901119192
53012 53005 142.8411407470703 142.841249175
53020 51052 158.6712188720703 158.673185505
53060 53015 198.3978271484375 198.398142968
53015 51057 238.4480743408203 238.45094476
53017 53006 71.79451751708984 71.7956262353
53145 53053 200.6216278076172 200.622595121
53049 53020 81.9955825805664 81.9977196435
53059 53022 136.62197875976562 136.623362955
53051 53030 120.36924743652344 120.369248371
53018 51054 236.21157836914062 236.213837115
53018 53004 89.14127349853516 89.1597491357
53050 53008 137.4004669189453 137.402961735
53049 53032 123.10047912597656 123.10066863
53055 51055 95.72676849365234 95.7269774214
53145 53054 112.97608947753906 112.976438936
53049 53008 81.85844421386719 81.8620281029
53057 53013 175.0612030029297 175.06210831
53060 53051 125.02632904052734 125.028663311
53020 53016 83.54354095458984 83.5463409805
53056 53052 62.155704498291016 62.1632885446
53022 53012 76.53063201904297 76.5307341023
53031 51057 216.935302734375 216.939049499
53055 53050 106.25372314453125 106.254479826
53025 53020 83.06718444824219 83.0746539455
53022 53019 77.76575469970703 77.7692659411
53051 53023 146.1685791015625 146.168595388
53032 53013 168.84983825683594 168.850032323
53058 53021 159.64645385742188 159.647287748
53058 53024 94.84210205078125 94.8449889104
53059 53049 146.47396850585938 146.474647519
53031 51054 191.16552734375 191.168521846
53060 53023 189.63348388671875 189.634757458
53053 53025 189.16824340820312 189.168366727
53144 53051 141.55059814453125 141.553031529
53032 53024 52.507057189941406 52.508230362
53049 53029 88.12335968017578 88.123850105
53015 51054 172.77561950683594 172.778314383
53055 51052 199.8147430419922 199.814792791
53052 53014 131.91842651367188 131.918488613
53056 51057 96.34923553466797 96.3492355554
53019 51052 122.25572967529297 122.258141907
53050 53025 63.49225616455078 63.4949419156
53145 53025 173.61639404296875 173.616871097
53016 51052 91.33622741699219 91.336288926
53049 53015 51.36964416503906 51.3703749027
53144 53005 295.1896667480469 295.19078356
53032 53011 156.59266662597656 156.592696669
53031 53005 252.7633514404297 252.763840057
53019 53012 117.74913024902344 117.752300064
53025 53022 44.75489044189453 44.7562825474
