nohup: 忽略输入
psbasemap: Constructing basemap
psscale: Reading CPT file tmp.cpt.  CPT range from 2.44 to 3.56
pslib: Too many colors to make colormap - using 24-bit direct color instead.
pslib: LZW compressed 8064 to 7529 bytes
rm: 无法删除"*.history": 没有那个文件或目录
rm: 无法删除"cut.grd": 没有那个文件或目录
psbasemap: Constructing basemap
psscale: Reading CPT file tmp.cpt.  CPT range from 2.44 to 3.56
pslib: Too many colors to make colormap - using 24-bit direct color instead.
pslib: LZW compressed 8064 to 7529 bytes
rm: 无法删除"*.history": 没有那个文件或目录
rm: 无法删除"cut.grd": 没有那个文件或目录
psbasemap: Constructing basemap
psscale: Reading CPT file tmp.cpt.  CPT range from 2.44 to 3.56
pslib: Too many colors to make colormap - using 24-bit direct color instead.
pslib: LZW compressed 8064 to 7529 bytes
rm: 无法删除"*.history": 没有那个文件或目录
rm: 无法删除"cut.grd": 没有那个文件或目录
psbasemap: Constructing basemap
psscale: Reading CPT file tmp.cpt.  CPT range from 2.44 to 3.56
pslib: Too many colors to make colormap - using 24-bit direct color instead.
pslib: LZW compressed 8064 to 7529 bytes
rm: 无法删除"*.history": 没有那个文件或目录
rm: 无法删除"cut.grd": 没有那个文件或目录
psbasemap: Constructing basemap
psscale: Reading CPT file tmp.cpt.  CPT range from 2.44 to 3.56
pslib: Too many colors to make colormap - using 24-bit direct color instead.
pslib: LZW compressed 8064 to 7529 bytes
rm: 无法删除"*.history": 没有那个文件或目录
rm: 无法删除"cut.grd": 没有那个文件或目录
psbasemap: Constructing basemap
psscale: Reading CPT file tmp.cpt.  CPT range from 2.44 to 3.56
pslib: Too many colors to make colormap - using 24-bit direct color instead.
pslib: LZW compressed 8064 to 7529 bytes
rm: 无法删除"*.history": 没有那个文件或目录
rm: 无法删除"cut.grd": 没有那个文件或目录
psbasemap: Constructing basemap
psscale: Reading CPT file tmp.cpt.  CPT range from 2.44 to 3.56
pslib: Too many colors to make colormap - using 24-bit direct color instead.
pslib: LZW compressed 8064 to 7529 bytes
rm: 无法删除"*.history": 没有那个文件或目录
rm: 无法删除"cut.grd": 没有那个文件或目录
psbasemap: Constructing basemap
psscale: Reading CPT file tmp.cpt.  CPT range from 2.44 to 3.56
pslib: Too many colors to make colormap - using 24-bit direct color instead.
pslib: LZW compressed 8064 to 7529 bytes
rm: 无法删除"*.history": 没有那个文件或目录
rm: 无法删除"cut.grd": 没有那个文件或目录
psbasemap: Constructing basemap
psscale: Reading CPT file tmp.cpt.  CPT range from 2.44 to 3.56
pslib: Too many colors to make colormap - using 24-bit direct color instead.
pslib: LZW compressed 8064 to 7529 bytes
rm: 无法删除"*.history": 没有那个文件或目录
rm: 无法删除"cut.grd": 没有那个文件或目录
psbasemap: Constructing basemap
psscale: Reading CPT file tmp.cpt.  CPT range from 2.44 to 3.56
pslib: Too many colors to make colormap - using 24-bit direct color instead.
pslib: LZW compressed 8064 to 7529 bytes
rm: 无法删除"*.history": 没有那个文件或目录
rm: 无法删除"cut.grd": 没有那个文件或目录
psbasemap: Constructing basemap
psscale: Reading CPT file tmp.cpt.  CPT range from 2.44 to 3.56
pslib: Too many colors to make colormap - using 24-bit direct color instead.
pslib: LZW compressed 8064 to 7529 bytes
rm: 无法删除"*.history": 没有那个文件或目录
rm: 无法删除"cut.grd": 没有那个文件或目录
