51052 28.4178009033 99.2549972534
51054 27.8001995087 100.731903076
51055 28.1583003998 100.849502563
51057 27.7560997009 101.467697144
51058 27.1329994202 101.483001709
53004 28.4908008575 98.9105987549
53005 28.0673007965 98.9073028564
53006 28.2490005493 99.2929992676
53008 28.0261001587 99.4916000366
53009 28.1529006958 99.7434005737
53010 27.799200058 100.207000732
53011 27.497800827 100.064002991
53012 27.2469997406 100.024002075
53013 27.6910991669 99.0587997437
53014 27.3640003204 99.0869979858
53015 27.0970001221 99.1719970703
53016 27.6054000854 99.4113998413
53017 28.0224990845 98.6082992554
53018 27.8686008453 98.3352966309
53019 27.3770008087 98.8432998657
53020 27.0277996063 98.8688964844
53021 26.6923007965 98.8985977173
53022 26.8658008575 99.3806991577
53023 26.7373008728 99.1531982422
53024 26.6653003693 99.5505981445
53025 26.463300705 99.4184036255
53026 26.4552001953 99.1421966553
53027 26.35779953 98.8862991333
53028 26.2005996704 99.1300964355
53029 26.5380001068 99.8960037231
53030 26.3600006104 100.169998169
53031 26.1294002533 100.251998901
53032 26.204000473 99.4300003052
53049 27.2991008759 99.6386032104
53050 26.8404998779 99.8984985352
53051 27.4246006012 100.411102295
53052 27.1527004242 100.398002625
53053 27.7747001648 100.63999939
53054 26.9948997498 100.796897888
53055 27.294500351 100.842002869
53056 26.9939002991 100.999000549
53057 26.7523994446 100.480300903
53058 26.5426006317 100.492996216
53059 26.2943992615 100.596000671
53060 26.4410991669 101.028198242
53144 26.3549003601 101.190002441
53145 26.0077991486 101.081001282
