45001 24.6674003601 104.896003723
45002 24.9262008667 105.105003357
45003 24.5655994415 105.620002747
45004 24.3582992554 105.424003601
45005 24.5116996765 105.183998108
45006 24.3511009216 105.85900116
45007 24.5860996246 106.138000488
45008 24.1874008179 106.198997498
45009 24.9339008331 106.663002014
45010 24.3495998383 106.739997864
45011 24.6133995056 106.472000122
45012 23.9962997437 106.516998291
45013 23.9797000885 106.957000732
45014 23.706199646 106.42099762
45015 23.6816005707 106.761001587
45016 23.3988990784 106.960998535
45017 23.3255004883 105.858001709
45018 23.3313999176 106.619003296
45019 23.4375 106.289001465
45020 23.1585998535 106.236999512
45021 23.0228996277 106.600997925
45022 23.0536003113 106.95400238
45023 22.4706001282 106.644996643
45024 22.5114002228 107.019996643
45025 24.8759002686 107.013000488
51001 29.1590995789 105.50050354
51002 29.1578006744 105.981399536
51003 29.1086006165 106.388000488
51004 29.0783004761 106.819801331
51005 29.0624008179 107.091400146
51006 28.8201999664 104.796096802
51007 28.8071994781 105.157302856
51008 28.9200000763 105.74659729
51009 28.8743000031 106.140701294
51010 28.8763999939 106.61920166
51011 28.5589008331 105.249099731
51012 28.6476993561 105.677497864
51013 28.5499992371 106.094703674
51014 28.6058006287 106.406402588
51015 28.650800705 106.748802185
51016 28.6462001801 106.977302551
51017 28.3691005707 104.870796204
51018 28.2383995056 105.18460083
51019 28.2978000641 105.535499573
51020 28.3474006653 105.816596985
51021 28.3118000031 106.237800598
51022 28.3159008026 106.559501648
51023 28.1984996796 106.976196289
51024 28.0949001312 104.838500977
51025 28.0034008026 105.335700989
51026 28.0415000916 105.771896362
51027 27.9706993103 106.126800537
51028 28.0153999329 106.564796448
51029 27.9384002686 107.110702515
51030 27.8159008026 105.585700989
51031 27.7035007477 105.955200195
51032 27.709400177 106.284500122
51033 27.7262001038 106.648200989
51034 27.6867008209 107.015197754
51035 27.3941993713 105.569900513
51036 27.3920993805 106.061203003
51037 27.4057998657 106.440803528
51038 27.3651008606 106.958503723
51039 27.1040000916 103.879600525
51040 27.0543994904 104.458702087
51041 27.0848999023 104.914901733
51042 27.0454006195 105.415603638
51043 27.0242004395 105.860603333
51044 27.0559005737 106.334899902
51045 27.0678005219 106.887901306
51046 28.8089008331 99.2872009277
51047 28.718000412 99.8921966553
51048 29.0377006531 100.29750061
51049 28.5606002808 100.351097107
51050 28.6184997559 101.934196472
51051 28.2264003754 101.630203247
51052 28.4178009033 99.2549972534
51053 28.5401000977 100.85900116
51054 27.8001995087 100.731903076
51055 28.1583003998 100.849502563
51056 27.7507991791 101.934402466
51057 27.7560997009 101.467697144
51058 27.1329994202 101.483001709
51059 27.2117004395 101.877197266
51060 29.0112991333 99.3554992676
52026 26.761100769 104.065597534
52027 26.7581005096 104.528297424
52028 26.7614002228 104.993896484
52029 26.6938991547 105.727203369
52030 26.6807994843 106.105796814
52031 26.7399997711 106.63469696
52032 26.3071994781 104.688598633
52033 26.2103004456 105.129203796
52034 26.2980995178 105.565597534
52035 26.3582992554 106.649200439
52036 25.8999996185 104.546401978
52037 25.9150009155 104.9713974
52038 25.9113998413 105.580802917
52039 25.926399231 106.123100281
52040 25.9381008148 106.588096619
52041 25.4680995941 104.979698181
52042 25.6056003571 105.61920166
52043 25.6322002411 106.17250061
52044 25.6067008972 106.701698303
52045 25.3089008331 106.601898193
52046 25.2994003296 106.138900757
52047 25.2360992432 105.651397705
52048 25.209400177 105.060302734
52049 24.9449996948 105.532798767
52050 24.8208007812 105.940597534
53001 29.027299881 98.6123962402
53002 28.9519004822 99.0227966309
53003 28.7346000671 98.6849975586
53004 28.4908008575 98.9105987549
53005 28.0673007965 98.9073028564
53006 28.2490005493 99.2929992676
53007 28.5757007599 99.6838989258
53008 28.0261001587 99.4916000366
53009 28.1529006958 99.7434005737
53010 27.799200058 100.207000732
53011 27.497800827 100.064002991
53012 27.2469997406 100.024002075
53013 27.6910991669 99.0587997437
53014 27.3640003204 99.0869979858
53015 27.0970001221 99.1719970703
53016 27.6054000854 99.4113998413
53017 28.0224990845 98.6082992554
53018 27.8686008453 98.3352966309
53019 27.3770008087 98.8432998657
53020 27.0277996063 98.8688964844
53021 26.6923007965 98.8985977173
53022 26.8658008575 99.3806991577
53023 26.7373008728 99.1531982422
53024 26.6653003693 99.5505981445
53025 26.463300705 99.4184036255
53026 26.4552001953 99.1421966553
53027 26.35779953 98.8862991333
53028 26.2005996704 99.1300964355
53029 26.5380001068 99.8960037231
53030 26.3600006104 100.169998169
53031 26.1294002533 100.251998901
53032 26.204000473 99.4300003052
53033 25.6322002411 99.4023971558
53034 25.8500003815 100.519996643
53035 25.924200058 100.856002808
53036 25.8145999908 99.8315963745
53037 25.5410003662 99.7279968262
53038 25.2954006195 99.4136962891
53039 25.3418998718 99.7770996094
53040 25.3500003815 100.489997864
53041 25.014799118 100.216003418
53042 25.4892997742 99.9868011475
53043 25.2399997711 100.319999695
53044 25.0541000366 100.523002625
53045 25.594499588 100.896003723
53046 25.5666007996 100.499000549
53047 25.3229999542 100.899002075
53048 25.9099998474 100.099998474
53049 27.2991008759 99.6386032104
53050 26.8404998779 99.8984985352
53051 27.4246006012 100.411102295
53052 27.1527004242 100.398002625
53053 27.7747001648 100.63999939
53054 26.9948997498 100.796897888
53055 27.294500351 100.842002869
53056 26.9939002991 100.999000549
53057 26.7523994446 100.480300903
53058 26.5426006317 100.492996216
53059 26.2943992615 100.596000671
53060 26.4410991669 101.028198242
53061 25.5116996765 98.543296814
53062 25.2175006866 98.3348999023
53063 24.9036998749 98.6668014526
53064 24.7483997345 98.4849014282
53065 25.4846992493 99.2375030518
53066 25.1963996887 98.8431015015
53067 25.4505004883 98.8634033203
53068 24.6942005157 98.8349990845
53069 24.5548992157 99.0325012207
53070 24.3220996857 99.0383987427
53071 25.0480003357 99.4801025391
53072 24.8768997192 99.6453018188
53073 24.9958000183 99.834602356
53074 24.530500412 99.3404006958
53075 24.5256996155 99.6234970093
53076 24.7523002625 99.1662979126
53077 25.10779953 97.9349975586
53078 24.7129993439 97.9699020386
53079 24.6107997894 97.6567993164
53080 24.6618995667 98.2174987793
53081 24.4972000122 98.0251998901
53082 24.3999004364 97.7332000732
53083 24.1826000214 97.785697937
53084 23.9027004242 97.6622009277
53085 24.3367996216 98.3382034302
53086 24.1350002289 98.5651016235
53087 24.8649997711 100.091003418
53088 24.7112007141 99.8798980713
53089 24.7084007263 100.198997498
53090 24.3190994263 99.9445037842
53091 24.5923995972 100.46900177
53092 24.1602993011 100.369003296
53093 24.2045001984 99.5529022217
53094 23.8962993622 99.026802063
53095 24.0203990936 99.7241973877
53096 23.7031993866 99.5712966919
53097 23.5461006165 99.3925018311
53098 23.5554008484 98.8783035278
53099 23.4664001465 99.8432998657
53100 23.4269008636 100.040000916
53101 23.2908000946 99.0982971191
53102 24.6420001984 100.720001221
53103 24.45470047 100.807998657
53104 23.9585990906 100.412002563
53105 24.1989994049 100.78099823
53106 23.9969997406 101.105003357
53107 23.6958007812 100.967002869
53108 23.5890007019 100.293998718
53109 23.297000885 100.751998901
53110 23.0620002747 100.638999939
53111 23.2227993011 100.214996338
53112 23.013999939 101.053001404
53113 22.7833003998 101.456001282
53114 23.2759990692 101.391998291
53115 23.5963993073 101.279998779
53116 23.0254993439 101.631797791
53117 23.3729991913 101.694000244
53118 22.5704994202 100.568000793
53119 22.8229999542 100.603996277
53120 23.1270008087 99.9169998169
53121 22.8759994507 99.7559967041
53122 22.7910003662 100.208999634
53123 22.5753002167 100.266998291
53124 22.2649993896 100.042999268
53125 22.5750999451 101.867996216
53126 22.4533004761 101.539001465
53127 22.4943008423 102.207000732
53128 22.5837001801 99.6087036133
53129 22.1758995056 99.2088012695
53130 22.5030994415 101.054000854
53131 22.1180000305 100.861000061
53132 21.6886997223 100.722999573
53133 22.3066997528 100.504997253
53134 21.9176006317 100.440002441
53135 21.6972999573 100.032997131
53136 21.5583000183 100.361999512
53137 22.1641998291 101.487998962
53138 21.8990001678 101.242996216
53139 21.6945991516 101.191001892
53140 21.6513004303 101.365997314
53141 21.7240009308 101.627998352
53142 21.2684993744 101.293998718
53143 21.1886005402 101.693000793
53144 26.3549003601 101.190002441
53145 26.0077991486 101.081001282
53146 26.0611991882 101.653999329
53147 25.4710998535 101.93460083
53148 25.8258991241 102.102996826
53149 25.3069992065 101.540000916
53150 25.1539993286 102.074996948
53151 25.0394992828 100.816001892
53152 24.7623996735 101.240997314
53153 24.6879997253 101.632003784
53154 24.376499176 101.586997986
53155 26.1744003296 102.571296692
53156 25.8696994781 102.455001831
53157 25.9078006744 102.850097656
53158 25.3878993988 102.661003113
53159 25.2150001526 102.490997314
53160 24.9789009094 102.342697144
53161 24.91340065 103.145797729
53162 25.0685005188 103.392799377
53163 24.7891998291 102.599998474
53164 24.6618003845 103.433700562
53165 24.6291007996 102.995597839
53166 24.406999588 102.982002258
53167 24.4435997009 102.43800354
53168 24.172000885 102.400001526
53169 24.0461006165 102.004997253
53170 24.0307006836 101.569000244
53171 24.5410995483 103.758003235
53172 24.2527008057 103.643997192
53173 24.0734004974 103.440002441
53174 24.0200996399 103.126998901
53175 23.8540000916 102.361000061
53176 23.7019996643 103.23500061
53177 23.2026996613 103.552001953
53178 23.448299408 103.508003235
53179 23.2751998901 101.975997925
53180 23.3626995087 102.339996338
53181 22.9603004456 101.961997986
53182 22.9848995209 102.388000488
53183 22.8055992126 102.238998413
53184 23.1816997528 102.785003662
53185 22.9311008453 102.804000854
53186 22.6065006256 103.161003113
53187 23.0956001282 103.196998596
53188 22.9605998993 103.707000732
53189 22.8104991913 103.960998535
53190 22.5258998871 103.998001099
53191 24.2996006012 104.041999817
53192 24.2851009369 104.422996521
53193 24.0580997467 103.836997986
53194 24.0767993927 104.374000549
53195 23.7527999878 103.619003296
53196 23.7898006439 104.245002747
53197 23.7577991486 104.572998047
53198 23.5848999023 103.886001587
53199 23.1963996887 104.008003235
53200 24.1396999359 104.783996582
53201 22.9743995667 104.428497314
53202 23.3673992157 105.044998169
53203 23.9750003815 105.588996887
53204 22.8803005219 104.717002869
53205 23.3278999329 105.439002991
53206 23.7719993591 105.968002319
53207 24.2999000549 105.056999207
53208 24.0389995575 105.097000122
53209 23.7619991302 105.198997498
53210 23.4410991669 104.668998718
53211 24.8185005188 103.990501404
53212 24.5394992828 104.076400757
53213 24.6937999725 104.446899414
53214 25.3525009155 104.387001038
53215 24.9769001007 104.619003296
53216 24.8952999115 103.530502319
53217 25.2061004639 104.072998047
53218 25.4834003448 103.76499939
53219 25.7509002686 103.894996643
53220 25.6494007111 104.308998108
53221 25.261800766 104.697998047
53222 26.3421001434 104.366996765
53223 26.4083003998 103.291900635
53224 26.122800827 103.564002991
53225 26.4645996094 103.852996826
53226 25.5251998901 103.17539978
53227 26.9950008392 103.346099854
53228 27.2287006378 103.188301086
53229 27.6012992859 103.516799927
53230 28.2275009155 103.641601562
53231 27.9993000031 103.53780365
53232 27.7602005005 103.480697632
53233 27.6375007629 103.308898926
53234 28.2702007294 104.123298645
53235 27.6343994141 104.050003052
53236 27.3593997955 104.095001221
53237 27.8561000824 104.474601746
53238 27.8518009186 105.041099548
53239 27.5000991821 104.464302063
53240 27.4405002594 104.866996765
